2026-01-27 09:27:47.166 - DBeaver 25.3.3.202601181752 is starting
2026-01-27 09:27:47.167 - OS: Windows 11 10.0 (amd64)
2026-01-27 09:27:47.167 - Java version: 21.0.8 by Eclipse Adoptium (64bit)
2026-01-27 09:27:47.168 - Install path: 'C:\Users\adminn\AppData\Local\DBeaver'
2026-01-27 09:27:47.168 - Instance path: 'file:/C:/study/2. Database/'
2026-01-27 09:27:47.169 - Memory available 64Mb/1024Mb
2026-01-27 09:27:47.179 - Create display
2026-01-27 09:27:47.264 - Initialize desktop platform...
2026-01-27 09:27:47.393 - BounceCastle bundle found. Use JCE provider BC
> Start Core File Systems [org.eclipse.core.filesystem 1.11.400.v20251107-0507]
> Start Core Resource Management [org.eclipse.core.resources 3.23.100.v20251106-1705]
> Start 팀 지원 핵심 [org.eclipse.team.core 3.10.900.v20251104-0924]
> Start DBeaver UI Navigator [org.jkiss.dbeaver.ui.navigator 1.0.171.202601181752]
2026-01-27 09:27:47.549 - Initialize base platform...
2026-01-27 09:27:47.558 - send collected statistics
2026-01-27 09:27:47.570 - Platform initialized (306ms)
> Start Equinox Java Authentication and Authorization Service (JAAS) [org.eclipse.equinox.security 1.4.700.v20250622-1644]
> Start 인터넷 연결 관리 사용자 인터페이스 [org.eclipse.ui.net 1.5.500.v20250611-0855]
> Start Internet Connection Management [org.eclipse.core.net 1.5.800.v20250613-1119]
2026-01-27 09:27:47.676 - Proxy service 'org.eclipse.core.net.proxy.IProxyService' loaded
2026-01-27 09:27:47.736 - Starting instance server at http://localhost:57694
2026-01-27 09:27:47.742 - Run workbench
> Start Eclipse e4 작업영역 SWT [org.eclipse.e4.ui.workbench.swt 0.17.1000.v20251023-0611]
> Start Eclipse Application Services [org.eclipse.e4.core.services 2.5.300.v20251112-1253]
> Start Eclipse UI Application Services [org.eclipse.e4.ui.services 1.6.600.v20251023-1358]
> Start Eclipse e4 Progress View [org.eclipse.e4.ui.progress 0.4.900.v20251023-1511]
> Start Eclipse Bindings Support [org.eclipse.e4.ui.bindings 0.14.800.v20250916-0937]
> Start Eclipse e4 core commands [org.eclipse.e4.core.commands 1.1.700.v20250916-0927]
> Start EMF XML/XMI Persistence [org.eclipse.emf.ecore.xmi 2.39.0.v20250910-1205]
> Start Eclipse CSS SWT Theme Support [org.eclipse.e4.ui.css.swt.theme 0.14.600.v20251023-0615]
> Start Eclipse e4 작업영역 기능 추가 [org.eclipse.e4.ui.workbench.addons.swt 1.5.900.v20251007-0832]
Warning: NLS unused message: WorkbenchPreference_reuseEditorsThreshold in: org.eclipse.ui.internal.messages
Warning: NLS unused message: 이유 in: org.eclipse.ui.internal.messages
> Start Eclipse e4 작업영역 SWT 렌더러 [org.eclipse.e4.ui.workbench.renderers.swt 0.16.1000.v20251114-0005]
> Start Eclipse Dependency Injection Extensions [org.eclipse.e4.core.di.extensions 0.18.300.v20240413-1529]
> Start DBeaver AI Model [org.jkiss.dbeaver.model.ai 2.0.14.202601181752]
> Start DBeaver AI UI [org.jkiss.dbeaver.ui.ai 1.0.73.202601181752]
> Start Eclipse CSS SWT Support [org.eclipse.e4.ui.css.swt 0.15.700.v20251023-1511]
> Start JFace 텍스트 [org.eclipse.jface.text 3.29.0.v20251112-0859]
2026-01-27 09:27:49.149 - Configure workbench window
> Start DBeaver SQL Model [org.jkiss.dbeaver.model.sql 1.0.161.202601181752]
2026-01-27 09:27:49.292 - Total database drivers: 127 (127)
> Start 도움말 시스템 코어 [org.eclipse.help 3.10.600.v20250613-0437]
2026-01-27 09:27:49.350 - Create actions
2026-01-27 09:27:49.767 - Initialize workbench window
2026-01-27 09:27:49.778 - Finish initialization
> Start 기본 문서 편집기 [org.eclipse.ui.editors 3.20.200.v20251125-0939]
> Start 텍스트 편집기 프레임워크 [org.eclipse.ui.workbench.texteditor 3.19.400.v20251105-0815]
> Start DBeaver UI Editors - Data [org.jkiss.dbeaver.ui.editors.data 1.0.171.202601181752]
> Start DBeaver UI Editors - SQL [org.jkiss.dbeaver.ui.editors.sql 1.0.171.202601181752]
Warning: NLS unused message: FindReplace_RegExCheckbox_label in: org.eclipse.ui.texteditor.EditorMessages
Warning: NLS unused message: FindReplace_WrapCheckBox_label in: org.eclipse.ui.texteditor.EditorMessages
Warning: NLS unused message: FindReplace_IncrementalCheckBox_label in: org.eclipse.ui.texteditor.EditorMessages
Warning: NLS unused message: FindReplace_Options in: org.eclipse.ui.texteditor.EditorMessages
Warning: NLS unused message: FindReplace_ReplaceSelectionButton_label in: org.eclipse.ui.texteditor.EditorMessages
Warning: NLS unused message: FindReplace_SelectedRangeRadioButton_label in: org.eclipse.ui.texteditor.EditorMessages
Warning: NLS unused message: FindReplace_SelectAllButton_label in: org.eclipse.ui.texteditor.EditorMessages
Warning: NLS unused message: FindReplace_GlobalRadioButton_label in: org.eclipse.ui.texteditor.EditorMessages
Warning: NLS unused message: FindReplace_WholeWordCheckBox_label in: org.eclipse.ui.texteditor.EditorMessages
Warning: NLS unused message: FindReplace_ReplaceFindButton_label in: org.eclipse.ui.texteditor.EditorMessages
Warning: NLS unused message: FindReplace_BackwardRadioButton_label in: org.eclipse.ui.texteditor.EditorMessages
Warning: NLS unused message: FindReplace_CloseButton_label in: org.eclipse.ui.texteditor.EditorMessages
Warning: NLS unused message: FindReplace_Replace_label in: org.eclipse.ui.texteditor.EditorMessages
Warning: NLS unused message: FindReplace_CaseCheckBox_label in: org.eclipse.ui.texteditor.EditorMessages
Warning: NLS unused message: FindReplace_Status_replacements_label in: org.eclipse.ui.texteditor.EditorMessages
Warning: NLS unused message: FindReplace_title in: org.eclipse.ui.texteditor.EditorMessages
Warning: NLS unused message: FindReplace_Direction in: org.eclipse.ui.texteditor.EditorMessages
Warning: NLS unused message: FindReplace_ReplaceAllButton_label in: org.eclipse.ui.texteditor.EditorMessages
Warning: NLS unused message: FindReplace_Scope in: org.eclipse.ui.texteditor.EditorMessages
Warning: NLS unused message: FindReplace_Find_label in: org.eclipse.ui.texteditor.EditorMessages
Warning: NLS unused message: FindReplace_ForwardRadioButton_label in: org.eclipse.ui.texteditor.EditorMessages
Warning: NLS unused message: FindReplace_FindNextButton_label in: org.eclipse.ui.texteditor.EditorMessages
> Start DBeaver SQL Terminal [org.jkiss.dbeaver.ui.editors.sql.terminal 1.0.147.202601181752]
> Start 핵심 비교 지원 [org.eclipse.compare.core 3.8.800.v20250718-1505]
> Start DBeaver Sample Database [org.jkiss.dbeaver.ui.config.sample 1.0.208.202601181752]
2026-01-27 09:27:51.557 - Open [https://dbeaver.io/product/version.xml]
> Start DBeaver Dashboard UI [org.jkiss.dbeaver.ui.dashboard 1.0.168.202601181752]
> Start GEF Classic Draw2d [org.eclipse.draw2d 3.21.0.202512020742]
> Start GEF Classic GEF (MVC) [org.eclipse.gef 3.24.0.202511201732]
> Start DBeaver ERD UI [org.jkiss.dbeaver.ui.editors.erd 3.1.12.202601181752]
> Start DBeaver ERD Model [org.jkiss.dbeaver.model.erd 1.1.12.202601181752]
> Start DBeaver JDBC Model [org.jkiss.dbeaver.model.jdbc 1.0.64.202601181752]
> Start DBeaver MySQL Support [org.jkiss.dbeaver.ext.mysql 2.1.256.202601181752]
> Start 콘솔 [org.eclipse.ui.console 3.15.0.v20251113-1013]
> Start 디버그 핵심 [org.eclipse.debug.core 3.23.200.v20251107-0507]
> Start DBeaver Tasks - Native Tools UI [org.jkiss.dbeaver.tasks.native.ui 1.0.149.202601181752]
> Start DBeaver MySQL UI Support [org.jkiss.dbeaver.ext.mysql.ui 1.0.163.202601181752]
> Start DBeaver Tasks - General UI [org.jkiss.dbeaver.tasks.ui 1.0.149.202601181752]
2026-01-27 09:27:52.260 - Connect with 'localhost' (mysql8-19be3379628-6741b331bc750407)
2026-01-27 09:27:52.266 - Execution context opened (localhost; Main; 0)
> Start DBeaver GIS Support [org.jkiss.dbeaver.data.gis 1.0.195.202601181752]
2026-01-27 09:27:52.435 - Execution context opened (localhost; Metadata; 1)
2026-01-27 09:27:52.507 - Connected (mysql8-19be3379628-6741b331bc750407, MySQL Connector/J [mysql-connector-j-8.2.0 (Revision: 06a1f724497fd81c6a659131fda822c9e5085b6c)])
2026-01-27 09:27:52.577 - Execution context opened (localhost; SQLEditor <Script-10.sql>; 2)
> Start DBeaver SQL Language Semantic Model [org.jkiss.dbeaver.model.lsm 1.0.66.202601181752]
2026-01-27 09:32:24.776 - Execution context opened (localhost; SQLEditor <Script-1.sql>; 3)
2026-01-27 09:32:29.546 - Execution context opened (localhost; SQLEditor <Script-2.sql>; 4)
2026-01-27 09:32:35.994 - Execution context opened (localhost; SQLEditor <Script-3.sql>; 5)
2026-01-27 09:32:40.775 - Execution context opened (localhost; SQLEditor <6. TCL.sql>; 6)
2026-01-27 09:32:52.094 - Execution context opened (localhost; SQLEditor <Script-4.sql>; 7)
2026-01-27 09:33:09.576 - Execution context closed (localhost, 6)
2026-01-27 09:33:11.091 - Execution context opened (localhost; SQLEditor <Script-7.sql>; 8)
2026-01-27 09:33:13.456 - Execution context opened (localhost; SQLEditor <Script-8.sql>; 9)
2026-01-27 09:33:18.442 - Execution context opened (localhost; SQLEditor <Script-9.sql>; 10)
2026-01-27 09:33:27.624 - Execution context opened (localhost; SQLEditor <Script.sql>; 11)
2026-01-27 09:42:41.059 - Execution context opened (localhost; SQLEditor <Script-11.sql>; 12)
> Start DBeaver Data Transfer [org.jkiss.dbeaver.data.transfer 2.0.155.202601181752]
2026-01-27 09:53:40.912 - Error while analyzing query text: INSERT INTO employees 
VALUES (
		1,
		'짱구'
)
java.lang.IllegalStateException: Rows data was not resolved yet
	at org.jkiss.dbeaver.model.sql.semantics.model.select.SQLQueryRowsSourceModel.getRowsDataContext(SQLQueryRowsSourceModel.java:52)
	at org.jkiss.dbeaver.model.sql.semantics.model.dml.SQLQueryInsertModel.resolveValueRelations(SQLQueryInsertModel.java:114)
	at org.jkiss.dbeaver.model.sql.semantics.model.SQLQueryModel.resolveRelations(SQLQueryModel.java:73)
	at org.jkiss.dbeaver.model.sql.semantics.SQLQueryModelRecognizer.recognizeQuery(SQLQueryModelRecognizer.java:154)
	at org.jkiss.dbeaver.model.sql.semantics.SQLQueryModelRecognizer.recognizeQuery(SQLQueryModelRecognizer.java:1026)
	at org.jkiss.dbeaver.ui.editors.sql.semantics.SQLBackgroundParsingJob.doWork(SQLBackgroundParsingJob.java:606)
	at org.jkiss.dbeaver.ui.editors.sql.semantics.SQLBackgroundParsingJob$1.run(SQLBackgroundParsingJob.java:86)
	at org.jkiss.dbeaver.model.runtime.AbstractJob.run(AbstractJob.java:110)
	at org.eclipse.core.internal.jobs.Worker.run(Worker.java:63)
2026-01-27 09:56:32.528 - Error while analyzing query text: -- 14번 --
DELETE FROM employees w

java.lang.UnsupportedOperationException: Symbol entry origin has already been set
	at org.jkiss.dbeaver.model.sql.semantics.SQLQueryLexicalScopeItem.setOrigin(SQLQueryLexicalScopeItem.java:51)
	at org.jkiss.dbeaver.model.sql.semantics.SQLQuerySymbolEntry.setOrigin(SQLQuerySymbolEntry.java:90)
	at org.jkiss.dbeaver.model.sql.semantics.SQLQuerySemanticUtils.setNamePartsDefinition(SQLQuerySemanticUtils.java:158)
	at org.jkiss.dbeaver.model.sql.semantics.SQLQuerySemanticUtils.setNamePartsDefinition(SQLQuerySemanticUtils.java:125)
	at org.jkiss.dbeaver.model.sql.semantics.model.select.SQLQueryRowsTableDataModel.resolveRowSourcesImpl(SQLQueryRowsTableDataModel.java:170)
	at org.jkiss.dbeaver.model.sql.semantics.model.select.SQLQueryRowsSourceModel.resolveRowSources(SQLQueryRowsSourceModel.java:91)
	at org.jkiss.dbeaver.model.sql.semantics.model.select.SQLQueryRowsCorrelatedSourceModel.resolveRowSourcesImpl(SQLQueryRowsCorrelatedSourceModel.java:118)
	at org.jkiss.dbeaver.model.sql.semantics.model.select.SQLQueryRowsSourceModel.resolveRowSources(SQLQueryRowsSourceModel.java:91)
	at org.jkiss.dbeaver.model.sql.semantics.model.dml.SQLQueryDeleteModel.resolveRowsReferencesImpl(SQLQueryDeleteModel.java:91)
	at org.jkiss.dbeaver.model.sql.semantics.model.dml.SQLQueryDMLStatementModel.resolveObjectAndRowsReferences(SQLQueryDMLStatementModel.java:54)
	at org.jkiss.dbeaver.model.sql.semantics.model.SQLQueryModel.resolveRelations(SQLQueryModel.java:72)
	at org.jkiss.dbeaver.model.sql.semantics.SQLQueryModelRecognizer.recognizeQuery(SQLQueryModelRecognizer.java:154)
	at org.jkiss.dbeaver.model.sql.semantics.SQLQueryModelRecognizer.recognizeQuery(SQLQueryModelRecognizer.java:1026)
	at org.jkiss.dbeaver.ui.editors.sql.semantics.SQLBackgroundParsingJob.doWork(SQLBackgroundParsingJob.java:606)
	at org.jkiss.dbeaver.ui.editors.sql.semantics.SQLBackgroundParsingJob$1.run(SQLBackgroundParsingJob.java:86)
	at org.jkiss.dbeaver.model.runtime.AbstractJob.run(AbstractJob.java:110)
	at org.eclipse.core.internal.jobs.Worker.run(Worker.java:63)
2026-01-27 10:34:16.905 - End idle 2 transactions for mysql8-19be3379628-6741b331bc750407
2026-01-27 12:35:25.936 - Application goes into sleep mode
2026-01-27 13:02:58.752 - Application wakes
2026-01-27 14:04:07.328 - Execution context closed (localhost, 0)
2026-01-27 14:04:07.344 - Execution context closed (localhost, 1)
2026-01-27 14:04:07.359 - Execution context closed (localhost, 2)
2026-01-27 14:04:07.375 - Execution context closed (localhost, 3)
2026-01-27 14:04:07.390 - Execution context closed (localhost, 4)
2026-01-27 14:04:07.405 - Execution context closed (localhost, 5)
2026-01-27 14:04:07.421 - Execution context closed (localhost, 7)
2026-01-27 14:04:07.436 - Execution context closed (localhost, 8)
2026-01-27 14:04:07.453 - Execution context closed (localhost, 9)
2026-01-27 14:04:07.468 - Execution context closed (localhost, 10)
2026-01-27 14:04:07.483 - Execution context closed (localhost, 11)
2026-01-27 14:04:07.499 - Execution context closed (localhost, 12)
2026-01-27 14:04:07.500 - Disconnected (mysql8-19be3379628-6741b331bc750407)
2026-01-27 14:29:54.550 - Dispose navigator model
2026-01-27 14:29:54.573 - DBeaver is stopping
2026-01-27 14:29:54.574 - Stop instance server
2026-01-27 14:29:55.578 - Instance server has been stopped
2026-01-27 14:29:55.578 - DBeaver shutdown completed
